Using pre-set license
Built from '2020.3/staging' branch; Version is '2020.3.5f1 (8095aa901b9b) revision 8426922'; Using compiler version '192528614'; Build Type 'Release'
OS: 'Windows 10 Home; OS build 19041.1052; Version 2004; 64bit' Language: 'en' Physical Memory: 16215 MB
BatchMode: 1, IsHumanControllingUs: 0, StartBugReporterOnCrash: 0, Is64bit: 1, IsPro: 0

 COMMAND LINE ARGUMENTS:
D:\Program Files\Unity Hub\editors\Unity\Editor\Unity.exe
-adb2
-batchMode
-noUpm
-name
AssetImportWorker0
-projectPath
C:/Users/xshad/Downloads/ExpandingSpace-ActuallyPlayable (1)/ExpandingSpace-ActuallyPlayable
-logFile
Logs/AssetImportWorker0.log
-srvPort
64829
Successfully changed project path to: C:/Users/xshad/Downloads/ExpandingSpace-ActuallyPlayable (1)/ExpandingSpace-ActuallyPlayable
C:/Users/xshad/Downloads/ExpandingSpace-ActuallyPlayable (1)/ExpandingSpace-ActuallyPlayable
Using Asset Import Pipeline V2.
Refreshing native plugins compatible for Editor in 29.19 ms, found 1 plugins.
Preloading 0 native plugins for Editor in 0.00 ms.
Initialize engine version: 2020.3.5f1 (8095aa901b9b)
[Subsystems] Discovering subsystems at path D:/Program Files/Unity Hub/editors/Unity/Editor/Data/Resources/UnitySubsystems
[Subsystems] Discovering subsystems at path C:/Users/xshad/Downloads/ExpandingSpace-ActuallyPlayable (1)/ExpandingSpace-ActuallyPlayable/Assets
GfxDevice: creating device client; threaded=0
Direct3D:
    Version:  Direct3D 11.0 [level 11.1]
    Renderer: NVIDIA GeForce GTX 1650 (ID=0x1f99)
    Vendor:   
    VRAM:     3962 MB
    Driver:   27.21.14.5167
Initialize mono
Mono path[0] = 'D:/Program Files/Unity Hub/editors/Unity/Editor/Data/Managed'
Mono path[1] = 'D:/Program Files/Unity Hub/editors/Unity/Editor/Data/MonoBleedingEdge/lib/mono/unityjit'
Mono config path = 'D:/Program Files/Unity Hub/editors/Unity/Editor/Data/MonoBleedingEdge/etc'
Using monoOptions --debugger-agent=transport=dt_socket,embedding=1,server=y,suspend=n,address=127.0.0.1:56832
Begin MonoManager ReloadAssembly
Registering precompiled unity dll's ...
Register platform support module: D:/Program Files/Unity Hub/editors/Unity/Editor/Data/PlaybackEngines/WindowsStandaloneSupport/UnityEditor.WindowsStandalone.Extensions.dll
Registered in 0.000997 seconds.
Native extension for WindowsStandalone target not found
Refreshing native plugins compatible for Editor in 29.93 ms, found 1 plugins.
Preloading 0 native plugins for Editor in 0.00 ms.
Mono: successfully reloaded assembly
- Completed reload, in  0.872 seconds
Platform modules already initialized, skipping
Registering precompiled user dll's ...
Registered in 0.000695 seconds.
Begin MonoManager ReloadAssembly
Native extension for WindowsStandalone target not found
Refreshing native plugins compatible for Editor in 29.11 ms, found 1 plugins.
Preloading 0 native plugins for Editor in 0.00 ms.
Mono: successfully reloaded assembly
- Completed reload, in  0.915 seconds
Platform modules already initialized, skipping
========================================================================
Worker process is ready to serve import requests
Launched and connected shader compiler UnityShaderCompiler.exe after 0.11 seconds
Refreshing native plugins compatible for Editor in 0.36 ms, found 1 plugins.
Preloading 0 native plugins for Editor in 0.00 ms.
Unloading 1825 Unused Serialized files (Serialized files now loaded: 0)
System memory in use before: 85.8 MB.
System memory in use after: 85.9 MB.

Unloading 19 unused Assets to reduce memory usage. Loaded Objects now: 2273.
Total: 1.895200 ms (FindLiveObjects: 0.222500 ms CreateObjectMapping: 0.071200 ms MarkObjects: 1.553000 ms  DeleteObjects: 0.047300 ms)

========================================================================
Received Import Request.
  path: Assets/Scenes/Play.unity
  artifactKey: Guid(2cda990e2423bbf4892e6590ba056729) Importer(815301076,1909f56bfc062723c751e8b465ee728b)
Start importing Assets/Scenes/Play.unity using Guid(2cda990e2423bbf4892e6590ba056729) Importer(815301076,1909f56bfc062723c751e8b465ee728b)  -> (artifact id: 'a21c49ae8ff43708d83e734a6f25ec8e') in 0.014351 seconds
  Import took 0.017732 seconds .

========================================================================
Received Import Request.
  Time since last request: 553.249507 seconds.
  path: Assets/Sprites/enemy2.png
  artifactKey: Guid(517a89bf4d0fcba4880d36800bffd818) Importer(815301076,1909f56bfc062723c751e8b465ee728b)
Start importing Assets/Sprites/enemy2.png using Guid(517a89bf4d0fcba4880d36800bffd818) Importer(815301076,1909f56bfc062723c751e8b465ee728b)  -> (artifact id: 'b3ff194f02387fb4d97e5d3cf8b666e9') in 0.095370 seconds
  Import took 0.098557 seconds .

========================================================================
Received Import Request.
  Time since last request: 0.000175 seconds.
  path: Assets/Sprites/enemy3.png
  artifactKey: Guid(f08bd9ada8ca8f74b858f938b37430b6) Importer(815301076,1909f56bfc062723c751e8b465ee728b)
Start importing Assets/Sprites/enemy3.png using Guid(f08bd9ada8ca8f74b858f938b37430b6) Importer(815301076,1909f56bfc062723c751e8b465ee728b)  -> (artifact id: '0f10c70c468cfbec6f8f9a9ab4554933') in 0.010855 seconds
  Import took 0.013513 seconds .

========================================================================
Received Import Request.
  Time since last request: 70.117660 seconds.
  path: Assets/Prefabs/GO_Enemy2 Variant.prefab
  artifactKey: Guid(922994d408782664997b16d13a4f4335) Importer(815301076,1909f56bfc062723c751e8b465ee728b)
Start importing Assets/Prefabs/GO_Enemy2 Variant.prefab using Guid(922994d408782664997b16d13a4f4335) Importer(815301076,1909f56bfc062723c751e8b465ee728b)  -> (artifact id: '8676c9636f7ab9c264f55d44cae57e5b') in 0.037201 seconds
  Import took 0.040487 seconds .

========================================================================
Received Import Request.
  Time since last request: 4.479172 seconds.
  path: Assets/Sprites/Menu/Main/Mainscreen.png
  artifactKey: Guid(7f9a504f19ea50d41bda623d156c17a4) Importer(815301076,1909f56bfc062723c751e8b465ee728b)
Start importing Assets/Sprites/Menu/Main/Mainscreen.png using Guid(7f9a504f19ea50d41bda623d156c17a4) Importer(815301076,1909f56bfc062723c751e8b465ee728b)  -> (artifact id: 'ac7e9ca35206984570185fced870cfbc') in 0.030249 seconds
  Import took 0.033272 seconds .

========================================================================
Received Import Request.
  Time since last request: 0.000183 seconds.
  path: Assets/Sprites/Menu/Option/Options_screen_Base.png
  artifactKey: Guid(b9393c254519c9d4bbfc57c3eb595f0a) Importer(815301076,1909f56bfc062723c751e8b465ee728b)
Start importing Assets/Sprites/Menu/Option/Options_screen_Base.png using Guid(b9393c254519c9d4bbfc57c3eb595f0a) Importer(815301076,1909f56bfc062723c751e8b465ee728b)  -> (artifact id: '1f369637310f39ec0dbb8d185296bd55') in 0.018733 seconds
  Import took 0.022206 seconds .

========================================================================
Received Import Request.
  Time since last request: 0.000234 seconds.
  path: Assets/Sprites/Menu/Option/Options_screen_controls.jpg
  artifactKey: Guid(6d265b2de92d3214ca3ea82e62d653a7) Importer(815301076,1909f56bfc062723c751e8b465ee728b)
Start importing Assets/Sprites/Menu/Option/Options_screen_controls.jpg using Guid(6d265b2de92d3214ca3ea82e62d653a7) Importer(815301076,1909f56bfc062723c751e8b465ee728b)  -> (artifact id: '86778db1b3d4f8ecabae180f496e8678') in 0.028182 seconds
  Import took 0.031530 seconds .

========================================================================
Received Import Request.
  Time since last request: 1.039279 seconds.
  path: Assets/Prefabs/GO_Enemy2 Variant.prefab
  artifactKey: Guid(922994d408782664997b16d13a4f4335) Importer(815301076,1909f56bfc062723c751e8b465ee728b)
Start importing Assets/Prefabs/GO_Enemy2 Variant.prefab using Guid(922994d408782664997b16d13a4f4335) Importer(815301076,1909f56bfc062723c751e8b465ee728b)  -> (artifact id: 'cb32e4e5eb96eae0e5bf7f610768a543') in 0.013366 seconds
  Import took 0.016724 seconds .

========================================================================
Received Import Request.
  Time since last request: 10.195970 seconds.
  path: Assets/Prefabs/GO_Enemy3 Variant.prefab
  artifactKey: Guid(92080980ba3d8c34b992f268a1e4b70c) Importer(815301076,1909f56bfc062723c751e8b465ee728b)
Start importing Assets/Prefabs/GO_Enemy3 Variant.prefab using Guid(92080980ba3d8c34b992f268a1e4b70c) Importer(815301076,1909f56bfc062723c751e8b465ee728b)  -> (artifact id: 'b9f93a6fcb238cbdee0b79e13e921525') in 0.014181 seconds
  Import took 0.017338 seconds .

========================================================================
Received Import Request.
  Time since last request: 0.002693 seconds.
  path: Assets/Prefabs/GO_Enemy3 Variant.prefab
  artifactKey: Guid(92080980ba3d8c34b992f268a1e4b70c) Importer(815301076,1909f56bfc062723c751e8b465ee728b)
Start importing Assets/Prefabs/GO_Enemy3 Variant.prefab using Guid(92080980ba3d8c34b992f268a1e4b70c) Importer(815301076,1909f56bfc062723c751e8b465ee728b)  -> (artifact id: 'b9f93a6fcb238cbdee0b79e13e921525') in 0.011885 seconds
  Import took 0.015918 seconds .

========================================================================
Received Import Request.
  Time since last request: 4.496295 seconds.
  path: Assets/Prefabs/GO_Enemy3 Variant.prefab
  artifactKey: Guid(92080980ba3d8c34b992f268a1e4b70c) Importer(815301076,1909f56bfc062723c751e8b465ee728b)
Start importing Assets/Prefabs/GO_Enemy3 Variant.prefab using Guid(92080980ba3d8c34b992f268a1e4b70c) Importer(815301076,1909f56bfc062723c751e8b465ee728b)  -> (artifact id: 'f3da74259461b17c569e2b8a78ff57a5') in 0.013066 seconds
  Import took 0.016633 seconds .

========================================================================
Received Prepare
Registering precompiled user dll's ...
Registered in 0.000796 seconds.
Begin MonoManager ReloadAssembly
Native extension for WindowsStandalone target not found
Refreshing native plugins compatible for Editor in 0.34 ms, found 1 plugins.
Preloading 0 native plugins for Editor in 0.00 ms.
Mono: successfully reloaded assembly
- Completed reload, in  0.777 seconds
Platform modules already initialized, skipping
Refreshing native plugins compatible for Editor in 0.33 ms, found 1 plugins.
Preloading 0 native plugins for Editor in 0.00 ms.
Unloading 1815 Unused Serialized files (Serialized files now loaded: 0)
System memory in use before: 88.5 MB.
System memory in use after: 88.6 MB.

Unloading 7 unused Assets to reduce memory usage. Loaded Objects now: 2291.
Total: 1.907500 ms (FindLiveObjects: 0.164300 ms CreateObjectMapping: 0.060600 ms MarkObjects: 1.665400 ms  DeleteObjects: 0.016500 ms)

========================================================================
Received Prepare
Refreshing native plugins compatible for Editor in 1.42 ms, found 1 plugins.
Preloading 0 native plugins for Editor in 0.00 ms.
Unloading 5 Unused Serialized files (Serialized files now loaded: 0)
System memory in use before: 52.0 MB.
System memory in use after: 52.1 MB.

Unloading 5 unused Assets to reduce memory usage. Loaded Objects now: 2291.
Total: 1.682100 ms (FindLiveObjects: 0.187000 ms CreateObjectMapping: 0.068600 ms MarkObjects: 1.414800 ms  DeleteObjects: 0.010900 ms)

========================================================================
Received Import Request.
  Time since last request: 1362.319747 seconds.
  path: Assets/Scenes/Main.unity
  artifactKey: Guid(f2633628fe6abde4fa6b7f1ac29c8a17) Importer(815301076,1909f56bfc062723c751e8b465ee728b)
Start importing Assets/Scenes/Main.unity using Guid(f2633628fe6abde4fa6b7f1ac29c8a17) Importer(815301076,1909f56bfc062723c751e8b465ee728b)  -> (artifact id: '65b40aae52d833e63b153d5dc966c970') in 0.014288 seconds
  Import took 0.017842 seconds .

========================================================================
Received Import Request.
  Time since last request: 11.347949 seconds.
  path: Assets/Scenes/png spaceship outside.png
  artifactKey: Guid(8cbf1766e3de0db46832616d48a41bc1) Importer(815301076,1909f56bfc062723c751e8b465ee728b)
Start importing Assets/Scenes/png spaceship outside.png using Guid(8cbf1766e3de0db46832616d48a41bc1) Importer(815301076,1909f56bfc062723c751e8b465ee728b)  -> (artifact id: 'd28cd67bc97417f127b2ec25dceafd90') in 0.047813 seconds
  Import took 0.051025 seconds .

========================================================================
Received Prepare
Registering precompiled user dll's ...
Registered in 0.000848 seconds.
Begin MonoManager ReloadAssembly
Native extension for WindowsStandalone target not found
Refreshing native plugins compatible for Editor in 0.33 ms, found 1 plugins.
Preloading 0 native plugins for Editor in 0.00 ms.
Mono: successfully reloaded assembly
- Completed reload, in  0.723 seconds
Platform modules already initialized, skipping
Refreshing native plugins compatible for Editor in 0.32 ms, found 1 plugins.
Preloading 0 native plugins for Editor in 0.00 ms.
Unloading 1815 Unused Serialized files (Serialized files now loaded: 0)
System memory in use before: 88.5 MB.
System memory in use after: 88.6 MB.

Unloading 7 unused Assets to reduce memory usage. Loaded Objects now: 2296.
Total: 1.680200 ms (FindLiveObjects: 0.170700 ms CreateObjectMapping: 0.060700 ms MarkObjects: 1.355000 ms  DeleteObjects: 0.092900 ms)

========================================================================
Received Prepare
Registering precompiled user dll's ...
Registered in 0.000807 seconds.
Begin MonoManager ReloadAssembly
Native extension for WindowsStandalone target not found
Refreshing native plugins compatible for Editor in 0.33 ms, found 1 plugins.
Preloading 0 native plugins for Editor in 0.00 ms.
Mono: successfully reloaded assembly
- Completed reload, in  0.718 seconds
Platform modules already initialized, skipping
Refreshing native plugins compatible for Editor in 0.31 ms, found 1 plugins.
Preloading 0 native plugins for Editor in 0.00 ms.
Unloading 1815 Unused Serialized files (Serialized files now loaded: 0)
System memory in use before: 88.5 MB.
System memory in use after: 88.6 MB.

Unloading 7 unused Assets to reduce memory usage. Loaded Objects now: 2300.
Total: 1.701600 ms (FindLiveObjects: 0.194000 ms CreateObjectMapping: 0.077400 ms MarkObjects: 1.413600 ms  DeleteObjects: 0.015700 ms)

========================================================================
Received Prepare
Registering precompiled user dll's ...
Registered in 0.001282 seconds.
Begin MonoManager ReloadAssembly
Native extension for WindowsStandalone target not found
Refreshing native plugins compatible for Editor in 0.36 ms, found 1 plugins.
Preloading 0 native plugins for Editor in 0.00 ms.
Mono: successfully reloaded assembly
- Completed reload, in  0.880 seconds
Platform modules already initialized, skipping
Refreshing native plugins compatible for Editor in 0.36 ms, found 1 plugins.
Preloading 0 native plugins for Editor in 0.00 ms.
Unloading 1815 Unused Serialized files (Serialized files now loaded: 0)
System memory in use before: 88.5 MB.
System memory in use after: 88.7 MB.

Unloading 7 unused Assets to reduce memory usage. Loaded Objects now: 2304.
Total: 2.471500 ms (FindLiveObjects: 0.440000 ms CreateObjectMapping: 0.283000 ms MarkObjects: 1.730800 ms  DeleteObjects: 0.016700 ms)

========================================================================
Received Prepare
Registering precompiled user dll's ...
Registered in 0.000755 seconds.
Begin MonoManager ReloadAssembly
Native extension for WindowsStandalone target not found
Refreshing native plugins compatible for Editor in 0.37 ms, found 1 plugins.
Preloading 0 native plugins for Editor in 0.00 ms.
Mono: successfully reloaded assembly
- Completed reload, in  0.838 seconds
Platform modules already initialized, skipping
Refreshing native plugins compatible for Editor in 0.33 ms, found 1 plugins.
Preloading 0 native plugins for Editor in 0.00 ms.
Unloading 1815 Unused Serialized files (Serialized files now loaded: 0)
System memory in use before: 88.6 MB.
System memory in use after: 88.7 MB.

Unloading 7 unused Assets to reduce memory usage. Loaded Objects now: 2308.
Total: 1.695400 ms (FindLiveObjects: 0.184900 ms CreateObjectMapping: 0.076600 ms MarkObjects: 1.419300 ms  DeleteObjects: 0.013700 ms)

========================================================================
Received Prepare
Refreshing native plugins compatible for Editor in 1.44 ms, found 1 plugins.
Preloading 0 native plugins for Editor in 0.00 ms.
Unloading 5 Unused Serialized files (Serialized files now loaded: 0)
System memory in use before: 52.1 MB.
System memory in use after: 52.2 MB.

Unloading 5 unused Assets to reduce memory usage. Loaded Objects now: 2308.
Total: 1.697500 ms (FindLiveObjects: 0.243100 ms CreateObjectMapping: 0.073900 ms MarkObjects: 1.370700 ms  DeleteObjects: 0.009200 ms)

========================================================================
Received Import Request.
  Time since last request: 1563.352846 seconds.
  path: Assets/Scenes/Extra/Facts.unity
  artifactKey: Guid(fa2d4201ba1733a49aa95568b5fec357) Importer(815301076,1909f56bfc062723c751e8b465ee728b)
Start importing Assets/Scenes/Extra/Facts.unity using Guid(fa2d4201ba1733a49aa95568b5fec357) Importer(815301076,1909f56bfc062723c751e8b465ee728b)  -> (artifact id: 'e80696fae0233903ad5d3049a7734ac6') in 0.013491 seconds
  Import took 0.017496 seconds .

========================================================================
Received Prepare
Registering precompiled user dll's ...
Registered in 0.001347 seconds.
Begin MonoManager ReloadAssembly
Native extension for WindowsStandalone target not found
Refreshing native plugins compatible for Editor in 0.31 ms, found 1 plugins.
Preloading 0 native plugins for Editor in 0.00 ms.
Mono: successfully reloaded assembly
- Completed reload, in  0.735 seconds
Platform modules already initialized, skipping
Refreshing native plugins compatible for Editor in 0.32 ms, found 1 plugins.
Preloading 0 native plugins for Editor in 0.00 ms.
Unloading 1815 Unused Serialized files (Serialized files now loaded: 0)
System memory in use before: 88.6 MB.
System memory in use after: 88.7 MB.

Unloading 7 unused Assets to reduce memory usage. Loaded Objects now: 2312.
Total: 1.723500 ms (FindLiveObjects: 0.183900 ms CreateObjectMapping: 0.067800 ms MarkObjects: 1.456500 ms  DeleteObjects: 0.014400 ms)

========================================================================
Received Import Request.
  Time since last request: 625.742867 seconds.
  path: Assets/Scenes/Main.unity
  artifactKey: Guid(f2633628fe6abde4fa6b7f1ac29c8a17) Importer(815301076,1909f56bfc062723c751e8b465ee728b)
Start importing Assets/Scenes/Main.unity using Guid(f2633628fe6abde4fa6b7f1ac29c8a17) Importer(815301076,1909f56bfc062723c751e8b465ee728b)  -> (artifact id: '5b235b4cf0714cfd552af0eef9cbf9bc') in 0.012413 seconds
  Import took 0.016046 seconds .

========================================================================
Received Prepare
Registering precompiled user dll's ...
Registered in 0.000841 seconds.
Begin MonoManager ReloadAssembly
Native extension for WindowsStandalone target not found
Refreshing native plugins compatible for Editor in 0.31 ms, found 1 plugins.
Preloading 0 native plugins for Editor in 0.00 ms.
Mono: successfully reloaded assembly
- Completed reload, in  0.706 seconds
Platform modules already initialized, skipping
Refreshing native plugins compatible for Editor in 0.34 ms, found 1 plugins.
Preloading 0 native plugins for Editor in 0.00 ms.
Unloading 1815 Unused Serialized files (Serialized files now loaded: 0)
System memory in use before: 88.6 MB.
System memory in use after: 88.7 MB.

Unloading 7 unused Assets to reduce memory usage. Loaded Objects now: 2316.
Total: 1.742200 ms (FindLiveObjects: 0.253000 ms CreateObjectMapping: 0.104700 ms MarkObjects: 1.345100 ms  DeleteObjects: 0.038600 ms)

========================================================================
Received Prepare
Refreshing native plugins compatible for Editor in 1.45 ms, found 1 plugins.
Preloading 0 native plugins for Editor in 0.00 ms.
Unloading 5 Unused Serialized files (Serialized files now loaded: 0)
System memory in use before: 52.1 MB.
System memory in use after: 52.3 MB.

Unloading 5 unused Assets to reduce memory usage. Loaded Objects now: 2316.
Total: 1.990200 ms (FindLiveObjects: 0.175600 ms CreateObjectMapping: 0.061500 ms MarkObjects: 1.740500 ms  DeleteObjects: 0.011300 ms)

========================================================================
Received Import Request.
  Time since last request: 200.990583 seconds.
  path: Assets/Scenes/Play.unity
  artifactKey: Guid(2cda990e2423bbf4892e6590ba056729) Importer(815301076,1909f56bfc062723c751e8b465ee728b)
Start importing Assets/Scenes/Play.unity using Guid(2cda990e2423bbf4892e6590ba056729) Importer(815301076,1909f56bfc062723c751e8b465ee728b)  -> (artifact id: '9ce0aab7548acbef44f4b44501433166') in 0.009318 seconds
  Import took 0.012728 seconds .

========================================================================
Received Prepare
Registering precompiled user dll's ...
Registered in 0.000761 seconds.
Begin MonoManager ReloadAssembly
Native extension for WindowsStandalone target not found
Refreshing native plugins compatible for Editor in 0.35 ms, found 1 plugins.
Preloading 0 native plugins for Editor in 0.00 ms.
Mono: successfully reloaded assembly
- Completed reload, in  0.752 seconds
Platform modules already initialized, skipping
Refreshing native plugins compatible for Editor in 0.34 ms, found 1 plugins.
Preloading 0 native plugins for Editor in 0.00 ms.
Unloading 1815 Unused Serialized files (Serialized files now loaded: 0)
System memory in use before: 88.6 MB.
System memory in use after: 88.7 MB.

Unloading 7 unused Assets to reduce memory usage. Loaded Objects now: 2320.
Total: 1.996200 ms (FindLiveObjects: 0.185400 ms CreateObjectMapping: 0.061900 ms MarkObjects: 1.731900 ms  DeleteObjects: 0.016300 ms)

========================================================================
Received Prepare
Registering precompiled user dll's ...
Registered in 0.000788 seconds.
Begin MonoManager ReloadAssembly
Native extension for WindowsStandalone target not found
Refreshing native plugins compatible for Editor in 0.41 ms, found 1 plugins.
Preloading 0 native plugins for Editor in 0.00 ms.
Mono: successfully reloaded assembly
- Completed reload, in  0.784 seconds
Platform modules already initialized, skipping
Refreshing native plugins compatible for Editor in 0.31 ms, found 1 plugins.
Preloading 0 native plugins for Editor in 0.00 ms.
Unloading 1815 Unused Serialized files (Serialized files now loaded: 0)
System memory in use before: 88.6 MB.
System memory in use after: 88.7 MB.

Unloading 7 unused Assets to reduce memory usage. Loaded Objects now: 2324.
Total: 1.746600 ms (FindLiveObjects: 0.175700 ms CreateObjectMapping: 0.117100 ms MarkObjects: 1.440700 ms  DeleteObjects: 0.012500 ms)

AssetImportWorkerClient::OnTransportError - code=2 error=End of file
