Using pre-set license
Built from '2020.3/staging' branch; Version is '2020.3.5f1 (8095aa901b9b) revision 8426922'; Using compiler version '192528614'; Build Type 'Release'
OS: 'Windows 10 Home; OS build 19041.1052; Version 2004; 64bit' Language: 'en' Physical Memory: 16215 MB
BatchMode: 1, IsHumanControllingUs: 0, StartBugReporterOnCrash: 0, Is64bit: 1, IsPro: 0

 COMMAND LINE ARGUMENTS:
D:\Program Files\Unity Hub\editors\Unity\Editor\Unity.exe
-adb2
-batchMode
-noUpm
-name
AssetImportWorker0
-projectPath
C:/Users/xshad/Downloads/ExpandingSpace-ActuallyPlayable (1)/ExpandingSpace-ActuallyPlayable
-logFile
Logs/AssetImportWorker0.log
-srvPort
54521
Successfully changed project path to: C:/Users/xshad/Downloads/ExpandingSpace-ActuallyPlayable (1)/ExpandingSpace-ActuallyPlayable
C:/Users/xshad/Downloads/ExpandingSpace-ActuallyPlayable (1)/ExpandingSpace-ActuallyPlayable
Using Asset Import Pipeline V2.
Refreshing native plugins compatible for Editor in 32.26 ms, found 1 plugins.
Preloading 0 native plugins for Editor in 0.00 ms.
Initialize engine version: 2020.3.5f1 (8095aa901b9b)
[Subsystems] Discovering subsystems at path D:/Program Files/Unity Hub/editors/Unity/Editor/Data/Resources/UnitySubsystems
[Subsystems] Discovering subsystems at path C:/Users/xshad/Downloads/ExpandingSpace-ActuallyPlayable (1)/ExpandingSpace-ActuallyPlayable/Assets
GfxDevice: creating device client; threaded=0
Direct3D:
    Version:  Direct3D 11.0 [level 11.1]
    Renderer: NVIDIA GeForce GTX 1650 (ID=0x1f99)
    Vendor:   
    VRAM:     3962 MB
    Driver:   27.21.14.5167
Initialize mono
Mono path[0] = 'D:/Program Files/Unity Hub/editors/Unity/Editor/Data/Managed'
Mono path[1] = 'D:/Program Files/Unity Hub/editors/Unity/Editor/Data/MonoBleedingEdge/lib/mono/unityjit'
Mono config path = 'D:/Program Files/Unity Hub/editors/Unity/Editor/Data/MonoBleedingEdge/etc'
Using monoOptions --debugger-agent=transport=dt_socket,embedding=1,server=y,suspend=n,address=127.0.0.1:56968
Begin MonoManager ReloadAssembly
Registering precompiled unity dll's ...
Register platform support module: D:/Program Files/Unity Hub/editors/Unity/Editor/Data/PlaybackEngines/WindowsStandaloneSupport/UnityEditor.WindowsStandalone.Extensions.dll
Registered in 0.001051 seconds.
Native extension for WindowsStandalone target not found
Refreshing native plugins compatible for Editor in 33.23 ms, found 1 plugins.
Preloading 0 native plugins for Editor in 0.00 ms.
Mono: successfully reloaded assembly
- Completed reload, in  0.959 seconds
Platform modules already initialized, skipping
Registering precompiled user dll's ...
Registered in 0.000787 seconds.
Begin MonoManager ReloadAssembly
Native extension for WindowsStandalone target not found
Refreshing native plugins compatible for Editor in 38.56 ms, found 1 plugins.
Preloading 0 native plugins for Editor in 0.00 ms.
Mono: successfully reloaded assembly
- Completed reload, in  0.929 seconds
Platform modules already initialized, skipping
========================================================================
Worker process is ready to serve import requests
Launched and connected shader compiler UnityShaderCompiler.exe after 0.04 seconds
Refreshing native plugins compatible for Editor in 0.31 ms, found 1 plugins.
Preloading 0 native plugins for Editor in 0.00 ms.
Unloading 1825 Unused Serialized files (Serialized files now loaded: 0)
System memory in use before: 85.9 MB.
System memory in use after: 86.0 MB.

Unloading 19 unused Assets to reduce memory usage. Loaded Objects now: 2273.
Total: 1.641700 ms (FindLiveObjects: 0.223100 ms CreateObjectMapping: 0.097300 ms MarkObjects: 1.274400 ms  DeleteObjects: 0.046300 ms)

========================================================================
Received Import Request.
  path: Assets/Scenes/Extra/Extra.unity
  artifactKey: Guid(43ebb12e0dd1d8348bf5c50789e0944b) Importer(815301076,1909f56bfc062723c751e8b465ee728b)
Start importing Assets/Scenes/Extra/Extra.unity using Guid(43ebb12e0dd1d8348bf5c50789e0944b) Importer(815301076,1909f56bfc062723c751e8b465ee728b)  -> (artifact id: '5b41dd07367ecf5745f174cf7d0d6157') in 0.019531 seconds
  Import took 0.022790 seconds .

========================================================================
Received Import Request.
  Time since last request: 106.199090 seconds.
  path: Assets/Scenes/Extra/Felicette.unity
  artifactKey: Guid(6ca0c1ed94e8eac4abc1eff767aa7a5b) Importer(815301076,1909f56bfc062723c751e8b465ee728b)
Start importing Assets/Scenes/Extra/Felicette.unity using Guid(6ca0c1ed94e8eac4abc1eff767aa7a5b) Importer(815301076,1909f56bfc062723c751e8b465ee728b)  -> (artifact id: 'f2e39a8e33ad7a765602d4304bf87afe') in 0.007321 seconds
  Import took 0.011524 seconds .

========================================================================
Received Import Request.
  Time since last request: 0.001151 seconds.
  path: Assets/Scenes/Extra/Felicette.unity
  artifactKey: Guid(6ca0c1ed94e8eac4abc1eff767aa7a5b) Importer(815301076,1909f56bfc062723c751e8b465ee728b)
Start importing Assets/Scenes/Extra/Felicette.unity using Guid(6ca0c1ed94e8eac4abc1eff767aa7a5b) Importer(815301076,1909f56bfc062723c751e8b465ee728b)  -> (artifact id: 'f2e39a8e33ad7a765602d4304bf87afe') in 0.002229 seconds
  Import took 0.005338 seconds .

========================================================================
Received Import Request.
  Time since last request: 22.168693 seconds.
  path: Assets/Scenes/Extra/Albert.unity
  artifactKey: Guid(1a3494c562daaaa439d20d0f27f8e1c1) Importer(815301076,1909f56bfc062723c751e8b465ee728b)
Start importing Assets/Scenes/Extra/Albert.unity using Guid(1a3494c562daaaa439d20d0f27f8e1c1) Importer(815301076,1909f56bfc062723c751e8b465ee728b)  -> (artifact id: 'e0aed0e1da86ff3fbec962675fc0783f') in 0.007659 seconds
  Import took 0.011838 seconds .

========================================================================
Received Prepare
Registering precompiled user dll's ...
Registered in 0.000720 seconds.
Begin MonoManager ReloadAssembly
Native extension for WindowsStandalone target not found
Refreshing native plugins compatible for Editor in 0.34 ms, found 1 plugins.
Preloading 0 native plugins for Editor in 0.00 ms.
Mono: successfully reloaded assembly
- Completed reload, in  0.720 seconds
Platform modules already initialized, skipping
Refreshing native plugins compatible for Editor in 0.33 ms, found 1 plugins.
Preloading 0 native plugins for Editor in 0.00 ms.
Unloading 1815 Unused Serialized files (Serialized files now loaded: 0)
System memory in use before: 85.4 MB.
System memory in use after: 85.5 MB.

Unloading 7 unused Assets to reduce memory usage. Loaded Objects now: 2277.
Total: 1.578500 ms (FindLiveObjects: 0.167300 ms CreateObjectMapping: 0.060100 ms MarkObjects: 1.336900 ms  DeleteObjects: 0.013300 ms)

========================================================================
Received Prepare
Registering precompiled user dll's ...
Registered in 0.000753 seconds.
Begin MonoManager ReloadAssembly
Native extension for WindowsStandalone target not found
Refreshing native plugins compatible for Editor in 0.38 ms, found 1 plugins.
Preloading 0 native plugins for Editor in 0.00 ms.
Mono: successfully reloaded assembly
- Completed reload, in  0.825 seconds
Platform modules already initialized, skipping
Refreshing native plugins compatible for Editor in 0.35 ms, found 1 plugins.
Preloading 0 native plugins for Editor in 0.00 ms.
Unloading 1815 Unused Serialized files (Serialized files now loaded: 0)
System memory in use before: 85.4 MB.
System memory in use after: 85.5 MB.

Unloading 7 unused Assets to reduce memory usage. Loaded Objects now: 2281.
Total: 1.618500 ms (FindLiveObjects: 0.197000 ms CreateObjectMapping: 0.072500 ms MarkObjects: 1.333200 ms  DeleteObjects: 0.015000 ms)

========================================================================
Received Prepare
Refreshing native plugins compatible for Editor in 1.39 ms, found 1 plugins.
Preloading 0 native plugins for Editor in 0.00 ms.
Unloading 5 Unused Serialized files (Serialized files now loaded: 0)
System memory in use before: 48.9 MB.
System memory in use after: 49.1 MB.

Unloading 5 unused Assets to reduce memory usage. Loaded Objects now: 2281.
Total: 1.529800 ms (FindLiveObjects: 0.152400 ms CreateObjectMapping: 0.053700 ms MarkObjects: 1.310200 ms  DeleteObjects: 0.012900 ms)

========================================================================
Received Import Request.
  Time since last request: 54.779025 seconds.
  path: Assets/Scenes/Main.unity
  artifactKey: Guid(f2633628fe6abde4fa6b7f1ac29c8a17) Importer(815301076,1909f56bfc062723c751e8b465ee728b)
Start importing Assets/Scenes/Main.unity using Guid(f2633628fe6abde4fa6b7f1ac29c8a17) Importer(815301076,1909f56bfc062723c751e8b465ee728b)  -> (artifact id: '51c1ac532b25768775558d3a239f638c') in 0.016065 seconds
  Import took 0.038248 seconds .

========================================================================
Received Prepare
Refreshing native plugins compatible for Editor in 1.54 ms, found 1 plugins.
Preloading 0 native plugins for Editor in 0.00 ms.
Unloading 5 Unused Serialized files (Serialized files now loaded: 0)
System memory in use before: 49.0 MB.
System memory in use after: 49.1 MB.

Unloading 5 unused Assets to reduce memory usage. Loaded Objects now: 2281.
Total: 2.197300 ms (FindLiveObjects: 0.232600 ms CreateObjectMapping: 0.079800 ms MarkObjects: 1.870700 ms  DeleteObjects: 0.013300 ms)

========================================================================
Received Import Request.
  Time since last request: 312.909475 seconds.
  path: Assets/Scenes/Play.unity
  artifactKey: Guid(2cda990e2423bbf4892e6590ba056729) Importer(815301076,1909f56bfc062723c751e8b465ee728b)
Start importing Assets/Scenes/Play.unity using Guid(2cda990e2423bbf4892e6590ba056729) Importer(815301076,1909f56bfc062723c751e8b465ee728b)  -> (artifact id: 'f5cf7d803db8ceffcae480362fe9f481') in 0.002759 seconds
  Import took 0.006260 seconds .

========================================================================
Received Import Request.
  Time since last request: 1348.386472 seconds.
  path: Assets/Scripts/Weapons
  artifactKey: Guid(0ec991fbd174f054cacac07c0f560dda) Importer(815301076,1909f56bfc062723c751e8b465ee728b)
Start importing Assets/Scripts/Weapons using Guid(0ec991fbd174f054cacac07c0f560dda) Importer(815301076,1909f56bfc062723c751e8b465ee728b)  -> (artifact id: 'f00a074cf47892a60cc1f30b56677a2f') in 0.007564 seconds
  Import took 0.011657 seconds .

========================================================================
Received Import Request.
  Time since last request: 0.914997 seconds.
  path: Assets/Scripts/Weapons/bullet.cs
  artifactKey: Guid(8fed81f5b56094a42a37bfbf67e156f1) Importer(815301076,1909f56bfc062723c751e8b465ee728b)
Start importing Assets/Scripts/Weapons/bullet.cs using Guid(8fed81f5b56094a42a37bfbf67e156f1) Importer(815301076,1909f56bfc062723c751e8b465ee728b)  -> (artifact id: '68134fc164e200f2c52d84d6bc8f3141') in 0.023798 seconds
  Import took 0.027325 seconds .

========================================================================
Received Import Request.
  Time since last request: 95.619488 seconds.
  path: Assets/Audio/sf_laser_13.mp3
  artifactKey: Guid(48341a390e2e1034ebb52c75e1daa022) Importer(815301076,1909f56bfc062723c751e8b465ee728b)
Start importing Assets/Audio/sf_laser_13.mp3 using Guid(48341a390e2e1034ebb52c75e1daa022) Importer(815301076,1909f56bfc062723c751e8b465ee728b)  -> (artifact id: '66f97ba14d82c7b60932b734c9680d94') in 0.080451 seconds
  Import took 0.083075 seconds .

========================================================================
Received Prepare
Registering precompiled user dll's ...
Registered in 0.000808 seconds.
Begin MonoManager ReloadAssembly
Native extension for WindowsStandalone target not found
Refreshing native plugins compatible for Editor in 0.64 ms, found 1 plugins.
Preloading 0 native plugins for Editor in 0.00 ms.
Mono: successfully reloaded assembly
- Completed reload, in  0.838 seconds
Platform modules already initialized, skipping
Refreshing native plugins compatible for Editor in 0.32 ms, found 1 plugins.
Preloading 0 native plugins for Editor in 0.00 ms.
Unloading 1815 Unused Serialized files (Serialized files now loaded: 0)
System memory in use before: 88.5 MB.
System memory in use after: 88.7 MB.

Unloading 7 unused Assets to reduce memory usage. Loaded Objects now: 2294.
Total: 1.632200 ms (FindLiveObjects: 0.182700 ms CreateObjectMapping: 0.059700 ms MarkObjects: 1.378900 ms  DeleteObjects: 0.010300 ms)

========================================================================
Received Import Request.
  Time since last request: 109.734861 seconds.
  path: Assets/Prefabs/GO_BulletLeft.prefab
  artifactKey: Guid(58d816ed9eb52fb4ba9cd5281726fcdf) Importer(815301076,1909f56bfc062723c751e8b465ee728b)
Start importing Assets/Prefabs/GO_BulletLeft.prefab using Guid(58d816ed9eb52fb4ba9cd5281726fcdf) Importer(815301076,1909f56bfc062723c751e8b465ee728b)  -> (artifact id: 'f9969d9fee547dade6e1e04ced7774f9') in 0.061050 seconds
  Import took 0.063886 seconds .

========================================================================
Received Import Request.
  Time since last request: 0.000268 seconds.
  path: Assets/Prefabs/GO_BulletRight.prefab
  artifactKey: Guid(d6b10e542905af14bad2b87c975108c9) Importer(815301076,1909f56bfc062723c751e8b465ee728b)
Start importing Assets/Prefabs/GO_BulletRight.prefab using Guid(d6b10e542905af14bad2b87c975108c9) Importer(815301076,1909f56bfc062723c751e8b465ee728b)  -> (artifact id: '01f2d5b90620c342920b21940d4a67aa') in 0.013415 seconds
  Import took 0.016749 seconds .

========================================================================
Received Prepare
Registering precompiled user dll's ...
Registered in 0.000843 seconds.
Begin MonoManager ReloadAssembly
Native extension for WindowsStandalone target not found
Refreshing native plugins compatible for Editor in 0.34 ms, found 1 plugins.
Preloading 0 native plugins for Editor in 0.00 ms.
Mono: successfully reloaded assembly
- Completed reload, in  0.706 seconds
Platform modules already initialized, skipping
Refreshing native plugins compatible for Editor in 0.34 ms, found 1 plugins.
Preloading 0 native plugins for Editor in 0.00 ms.
Unloading 1815 Unused Serialized files (Serialized files now loaded: 0)
System memory in use before: 88.6 MB.
System memory in use after: 88.7 MB.

Unloading 7 unused Assets to reduce memory usage. Loaded Objects now: 2299.
Total: 1.527700 ms (FindLiveObjects: 0.156700 ms CreateObjectMapping: 0.058100 ms MarkObjects: 1.302200 ms  DeleteObjects: 0.010100 ms)

========================================================================
Received Import Request.
  Time since last request: 67.289105 seconds.
  path: Assets/Scenes/Extra/Facts.unity
  artifactKey: Guid(fa2d4201ba1733a49aa95568b5fec357) Importer(815301076,1909f56bfc062723c751e8b465ee728b)
Start importing Assets/Scenes/Extra/Facts.unity using Guid(fa2d4201ba1733a49aa95568b5fec357) Importer(815301076,1909f56bfc062723c751e8b465ee728b)  -> (artifact id: 'd90f520d2d13e697dc6ae2c39896459d') in 0.016801 seconds
  Import took 0.020518 seconds .

========================================================================
Received Import Request.
  Time since last request: 29.879215 seconds.
  path: Assets/Scenes/Extra/Laika.unity
  artifactKey: Guid(c76a7ea2c93110249aecde2500b82c1b) Importer(815301076,1909f56bfc062723c751e8b465ee728b)
Start importing Assets/Scenes/Extra/Laika.unity using Guid(c76a7ea2c93110249aecde2500b82c1b) Importer(815301076,1909f56bfc062723c751e8b465ee728b)  -> (artifact id: 'ae8250089ba50f153a1da0bbbf593589') in 0.006877 seconds
  Import took 0.010344 seconds .

========================================================================
Received Prepare
Registering precompiled user dll's ...
Registered in 0.000728 seconds.
Begin MonoManager ReloadAssembly
Native extension for WindowsStandalone target not found
Refreshing native plugins compatible for Editor in 0.34 ms, found 1 plugins.
Preloading 0 native plugins for Editor in 0.00 ms.
Mono: successfully reloaded assembly
- Completed reload, in  0.727 seconds
Platform modules already initialized, skipping
Refreshing native plugins compatible for Editor in 0.34 ms, found 1 plugins.
Preloading 0 native plugins for Editor in 0.00 ms.
Unloading 1815 Unused Serialized files (Serialized files now loaded: 0)
System memory in use before: 88.6 MB.
System memory in use after: 88.7 MB.

Unloading 7 unused Assets to reduce memory usage. Loaded Objects now: 2303.
Total: 1.683800 ms (FindLiveObjects: 0.179500 ms CreateObjectMapping: 0.057000 ms MarkObjects: 1.434900 ms  DeleteObjects: 0.011600 ms)

========================================================================
Received Prepare
Registering precompiled user dll's ...
Registered in 0.000736 seconds.
Begin MonoManager ReloadAssembly
Native extension for WindowsStandalone target not found
Refreshing native plugins compatible for Editor in 0.34 ms, found 1 plugins.
Preloading 0 native plugins for Editor in 0.00 ms.
Mono: successfully reloaded assembly
- Completed reload, in  0.730 seconds
Platform modules already initialized, skipping
Refreshing native plugins compatible for Editor in 0.34 ms, found 1 plugins.
Preloading 0 native plugins for Editor in 0.00 ms.
Unloading 1815 Unused Serialized files (Serialized files now loaded: 0)
System memory in use before: 88.6 MB.
System memory in use after: 88.7 MB.

Unloading 7 unused Assets to reduce memory usage. Loaded Objects now: 2307.
Total: 1.791400 ms (FindLiveObjects: 0.224700 ms CreateObjectMapping: 0.074200 ms MarkObjects: 1.480400 ms  DeleteObjects: 0.011000 ms)

========================================================================
Received Prepare
Registering precompiled user dll's ...
Registered in 0.000784 seconds.
Begin MonoManager ReloadAssembly
Native extension for WindowsStandalone target not found
Refreshing native plugins compatible for Editor in 0.39 ms, found 1 plugins.
Preloading 0 native plugins for Editor in 0.00 ms.
Mono: successfully reloaded assembly
- Completed reload, in  0.710 seconds
Platform modules already initialized, skipping
Refreshing native plugins compatible for Editor in 0.33 ms, found 1 plugins.
Preloading 0 native plugins for Editor in 0.00 ms.
Unloading 1815 Unused Serialized files (Serialized files now loaded: 0)
System memory in use before: 88.6 MB.
System memory in use after: 88.7 MB.

Unloading 7 unused Assets to reduce memory usage. Loaded Objects now: 2311.
Total: 1.518300 ms (FindLiveObjects: 0.157900 ms CreateObjectMapping: 0.060900 ms MarkObjects: 1.287800 ms  DeleteObjects: 0.011000 ms)

========================================================================
Received Prepare
Registering precompiled user dll's ...
Registered in 0.000712 seconds.
Begin MonoManager ReloadAssembly
Native extension for WindowsStandalone target not found
Refreshing native plugins compatible for Editor in 0.43 ms, found 1 plugins.
Preloading 0 native plugins for Editor in 0.00 ms.
Mono: successfully reloaded assembly
- Completed reload, in  0.730 seconds
Platform modules already initialized, skipping
Refreshing native plugins compatible for Editor in 0.34 ms, found 1 plugins.
Preloading 0 native plugins for Editor in 0.00 ms.
Unloading 1815 Unused Serialized files (Serialized files now loaded: 0)
System memory in use before: 88.6 MB.
System memory in use after: 88.7 MB.

Unloading 7 unused Assets to reduce memory usage. Loaded Objects now: 2315.
Total: 2.128400 ms (FindLiveObjects: 0.244600 ms CreateObjectMapping: 0.089400 ms MarkObjects: 1.778500 ms  DeleteObjects: 0.015000 ms)

========================================================================
Received Prepare
Registering precompiled user dll's ...
Registered in 0.000710 seconds.
Begin MonoManager ReloadAssembly
Native extension for WindowsStandalone target not found
Refreshing native plugins compatible for Editor in 0.33 ms, found 1 plugins.
Preloading 0 native plugins for Editor in 0.00 ms.
Mono: successfully reloaded assembly
- Completed reload, in  0.742 seconds
Platform modules already initialized, skipping
Refreshing native plugins compatible for Editor in 0.32 ms, found 1 plugins.
Preloading 0 native plugins for Editor in 0.00 ms.
Unloading 1815 Unused Serialized files (Serialized files now loaded: 0)
System memory in use before: 88.6 MB.
System memory in use after: 88.8 MB.

Unloading 7 unused Assets to reduce memory usage. Loaded Objects now: 2319.
Total: 2.276900 ms (FindLiveObjects: 0.224400 ms CreateObjectMapping: 0.062600 ms MarkObjects: 1.970500 ms  DeleteObjects: 0.018300 ms)

========================================================================
Received Prepare
Registering precompiled user dll's ...
Registered in 0.000708 seconds.
Begin MonoManager ReloadAssembly
Native extension for WindowsStandalone target not found
Refreshing native plugins compatible for Editor in 0.35 ms, found 1 plugins.
Preloading 0 native plugins for Editor in 0.00 ms.
Mono: successfully reloaded assembly
- Completed reload, in  0.725 seconds
Platform modules already initialized, skipping
Refreshing native plugins compatible for Editor in 0.35 ms, found 1 plugins.
Preloading 0 native plugins for Editor in 0.00 ms.
Unloading 1815 Unused Serialized files (Serialized files now loaded: 0)
System memory in use before: 88.6 MB.
System memory in use after: 88.8 MB.

Unloading 7 unused Assets to reduce memory usage. Loaded Objects now: 2323.
Total: 1.656200 ms (FindLiveObjects: 0.191300 ms CreateObjectMapping: 0.072900 ms MarkObjects: 1.358700 ms  DeleteObjects: 0.032500 ms)

========================================================================
Received Import Request.
  Time since last request: 160.425352 seconds.
  path: Assets/Scenes/Extra/Laika.unity
  artifactKey: Guid(c76a7ea2c93110249aecde2500b82c1b) Importer(815301076,1909f56bfc062723c751e8b465ee728b)
Start importing Assets/Scenes/Extra/Laika.unity using Guid(c76a7ea2c93110249aecde2500b82c1b) Importer(815301076,1909f56bfc062723c751e8b465ee728b)  -> (artifact id: 'fb80b2bb333a5cc556ac615e8dc5d358') in 0.012708 seconds
  Import took 0.025556 seconds .

========================================================================
Received Prepare
Registering precompiled user dll's ...
Registered in 0.000817 seconds.
Begin MonoManager ReloadAssembly
Native extension for WindowsStandalone target not found
Refreshing native plugins compatible for Editor in 0.40 ms, found 1 plugins.
Preloading 0 native plugins for Editor in 0.00 ms.
Mono: successfully reloaded assembly
- Completed reload, in  0.724 seconds
Platform modules already initialized, skipping
Refreshing native plugins compatible for Editor in 0.34 ms, found 1 plugins.
Preloading 0 native plugins for Editor in 0.00 ms.
Unloading 1815 Unused Serialized files (Serialized files now loaded: 0)
System memory in use before: 88.7 MB.
System memory in use after: 88.8 MB.

Unloading 7 unused Assets to reduce memory usage. Loaded Objects now: 2327.
Total: 1.847000 ms (FindLiveObjects: 0.188100 ms CreateObjectMapping: 0.060100 ms MarkObjects: 1.582700 ms  DeleteObjects: 0.015400 ms)

========================================================================
Received Prepare
Registering precompiled user dll's ...
Registered in 0.000700 seconds.
Begin MonoManager ReloadAssembly
Native extension for WindowsStandalone target not found
Refreshing native plugins compatible for Editor in 0.72 ms, found 1 plugins.
Preloading 0 native plugins for Editor in 0.00 ms.
Mono: successfully reloaded assembly
- Completed reload, in  0.719 seconds
Platform modules already initialized, skipping
Refreshing native plugins compatible for Editor in 0.32 ms, found 1 plugins.
Preloading 0 native plugins for Editor in 0.00 ms.
Unloading 1815 Unused Serialized files (Serialized files now loaded: 0)
System memory in use before: 88.7 MB.
System memory in use after: 88.8 MB.

Unloading 7 unused Assets to reduce memory usage. Loaded Objects now: 2331.
Total: 1.659200 ms (FindLiveObjects: 0.189700 ms CreateObjectMapping: 0.069100 ms MarkObjects: 1.388700 ms  DeleteObjects: 0.011000 ms)

========================================================================
Received Prepare
Registering precompiled user dll's ...
Registered in 0.000756 seconds.
Begin MonoManager ReloadAssembly
Native extension for WindowsStandalone target not found
Refreshing native plugins compatible for Editor in 0.35 ms, found 1 plugins.
Preloading 0 native plugins for Editor in 0.00 ms.
Mono: successfully reloaded assembly
- Completed reload, in  0.717 seconds
Platform modules already initialized, skipping
Refreshing native plugins compatible for Editor in 0.32 ms, found 1 plugins.
Preloading 0 native plugins for Editor in 0.00 ms.
Unloading 1815 Unused Serialized files (Serialized files now loaded: 0)
System memory in use before: 88.7 MB.
System memory in use after: 88.8 MB.

Unloading 7 unused Assets to reduce memory usage. Loaded Objects now: 2335.
Total: 1.717900 ms (FindLiveObjects: 0.193800 ms CreateObjectMapping: 0.075900 ms MarkObjects: 1.433800 ms  DeleteObjects: 0.013500 ms)

========================================================================
Received Prepare
Registering precompiled user dll's ...
Registered in 0.000854 seconds.
Begin MonoManager ReloadAssembly
Native extension for WindowsStandalone target not found
Refreshing native plugins compatible for Editor in 0.42 ms, found 1 plugins.
Preloading 0 native plugins for Editor in 0.00 ms.
Mono: successfully reloaded assembly
- Completed reload, in  0.730 seconds
Platform modules already initialized, skipping
Refreshing native plugins compatible for Editor in 0.32 ms, found 1 plugins.
Preloading 0 native plugins for Editor in 0.00 ms.
Unloading 1815 Unused Serialized files (Serialized files now loaded: 0)
System memory in use before: 88.7 MB.
System memory in use after: 88.8 MB.

Unloading 7 unused Assets to reduce memory usage. Loaded Objects now: 2339.
Total: 1.776500 ms (FindLiveObjects: 0.194000 ms CreateObjectMapping: 0.073300 ms MarkObjects: 1.496400 ms  DeleteObjects: 0.011900 ms)

========================================================================
Received Prepare
Registering precompiled user dll's ...
Registered in 0.000788 seconds.
Begin MonoManager ReloadAssembly
Native extension for WindowsStandalone target not found
Refreshing native plugins compatible for Editor in 0.33 ms, found 1 plugins.
Preloading 0 native plugins for Editor in 0.00 ms.
Mono: successfully reloaded assembly
- Completed reload, in  0.723 seconds
Platform modules already initialized, skipping
Refreshing native plugins compatible for Editor in 0.34 ms, found 1 plugins.
Preloading 0 native plugins for Editor in 0.00 ms.
Unloading 1815 Unused Serialized files (Serialized files now loaded: 0)
System memory in use before: 88.7 MB.
System memory in use after: 88.8 MB.

Unloading 7 unused Assets to reduce memory usage. Loaded Objects now: 2343.
Total: 1.666600 ms (FindLiveObjects: 0.171100 ms CreateObjectMapping: 0.060500 ms MarkObjects: 1.421100 ms  DeleteObjects: 0.013100 ms)

========================================================================
Received Prepare
Registering precompiled user dll's ...
Registered in 0.000776 seconds.
Begin MonoManager ReloadAssembly
Native extension for WindowsStandalone target not found
Refreshing native plugins compatible for Editor in 0.39 ms, found 1 plugins.
Preloading 0 native plugins for Editor in 0.00 ms.
Mono: successfully reloaded assembly
- Completed reload, in  0.715 seconds
Platform modules already initialized, skipping
Refreshing native plugins compatible for Editor in 0.37 ms, found 1 plugins.
Preloading 0 native plugins for Editor in 0.00 ms.
Unloading 1815 Unused Serialized files (Serialized files now loaded: 0)
System memory in use before: 88.7 MB.
System memory in use after: 88.8 MB.

Unloading 7 unused Assets to reduce memory usage. Loaded Objects now: 2347.
Total: 2.619200 ms (FindLiveObjects: 0.413400 ms CreateObjectMapping: 0.162300 ms MarkObjects: 2.026900 ms  DeleteObjects: 0.015600 ms)

========================================================================
Received Import Request.
  Time since last request: 49.779146 seconds.
  path: Assets/Scenes/Extra/Felicette.unity
  artifactKey: Guid(6ca0c1ed94e8eac4abc1eff767aa7a5b) Importer(815301076,1909f56bfc062723c751e8b465ee728b)
Start importing Assets/Scenes/Extra/Felicette.unity using Guid(6ca0c1ed94e8eac4abc1eff767aa7a5b) Importer(815301076,1909f56bfc062723c751e8b465ee728b)  -> (artifact id: '86f5475380e590db4add9df75f3e4bac') in 0.014893 seconds
  Import took 0.018109 seconds .

========================================================================
Received Prepare
Registering precompiled user dll's ...
Registered in 0.000752 seconds.
Begin MonoManager ReloadAssembly
Native extension for WindowsStandalone target not found
Refreshing native plugins compatible for Editor in 0.81 ms, found 1 plugins.
Preloading 0 native plugins for Editor in 0.00 ms.
Mono: successfully reloaded assembly
- Completed reload, in  0.714 seconds
Platform modules already initialized, skipping
Refreshing native plugins compatible for Editor in 0.31 ms, found 1 plugins.
Preloading 0 native plugins for Editor in 0.00 ms.
Unloading 1815 Unused Serialized files (Serialized files now loaded: 0)
System memory in use before: 88.7 MB.
System memory in use after: 88.8 MB.

Unloading 7 unused Assets to reduce memory usage. Loaded Objects now: 2351.
Total: 1.661700 ms (FindLiveObjects: 0.183000 ms CreateObjectMapping: 0.063400 ms MarkObjects: 1.402600 ms  DeleteObjects: 0.011600 ms)

========================================================================
Received Import Request.
  Time since last request: 182.019885 seconds.
  path: Assets/Scenes/Extra/Albert.unity
  artifactKey: Guid(1a3494c562daaaa439d20d0f27f8e1c1) Importer(815301076,1909f56bfc062723c751e8b465ee728b)
Start importing Assets/Scenes/Extra/Albert.unity using Guid(1a3494c562daaaa439d20d0f27f8e1c1) Importer(815301076,1909f56bfc062723c751e8b465ee728b)  -> (artifact id: 'b5b30f10aa5117da2253829d71796516') in 0.012844 seconds
  Import took 0.026397 seconds .

========================================================================
Received Import Request.
  Time since last request: 76.310009 seconds.
  path: Assets/Scenes/Extra/Laika.unity
  artifactKey: Guid(c76a7ea2c93110249aecde2500b82c1b) Importer(815301076,1909f56bfc062723c751e8b465ee728b)
Start importing Assets/Scenes/Extra/Laika.unity using Guid(c76a7ea2c93110249aecde2500b82c1b) Importer(815301076,1909f56bfc062723c751e8b465ee728b)  -> (artifact id: 'abe078a16a64dab67f0f70a71b7c3da6') in 0.002618 seconds
  Import took 0.015240 seconds .

========================================================================
Received Prepare
Registering precompiled user dll's ...
Registered in 0.000752 seconds.
Begin MonoManager ReloadAssembly
Native extension for WindowsStandalone target not found
Refreshing native plugins compatible for Editor in 0.32 ms, found 1 plugins.
Preloading 0 native plugins for Editor in 0.00 ms.
Mono: successfully reloaded assembly
- Completed reload, in  0.718 seconds
Platform modules already initialized, skipping
Refreshing native plugins compatible for Editor in 0.33 ms, found 1 plugins.
Preloading 0 native plugins for Editor in 0.00 ms.
Unloading 1815 Unused Serialized files (Serialized files now loaded: 0)
System memory in use before: 88.7 MB.
System memory in use after: 88.9 MB.

Unloading 7 unused Assets to reduce memory usage. Loaded Objects now: 2355.
Total: 1.660700 ms (FindLiveObjects: 0.183100 ms CreateObjectMapping: 0.058400 ms MarkObjects: 1.406900 ms  DeleteObjects: 0.011700 ms)

========================================================================
Received Prepare
Registering precompiled user dll's ...
Registered in 0.000791 seconds.
Begin MonoManager ReloadAssembly
Native extension for WindowsStandalone target not found
Refreshing native plugins compatible for Editor in 0.43 ms, found 1 plugins.
Preloading 0 native plugins for Editor in 0.00 ms.
Mono: successfully reloaded assembly
- Completed reload, in  0.775 seconds
Platform modules already initialized, skipping
Refreshing native plugins compatible for Editor in 0.38 ms, found 1 plugins.
Preloading 0 native plugins for Editor in 0.00 ms.
Unloading 1815 Unused Serialized files (Serialized files now loaded: 0)
System memory in use before: 88.7 MB.
System memory in use after: 88.9 MB.

Unloading 7 unused Assets to reduce memory usage. Loaded Objects now: 2359.
Total: 1.907600 ms (FindLiveObjects: 0.269800 ms CreateObjectMapping: 0.072900 ms MarkObjects: 1.550400 ms  DeleteObjects: 0.013400 ms)

========================================================================
Received Prepare
Registering precompiled user dll's ...
Registered in 0.000735 seconds.
Begin MonoManager ReloadAssembly
Native extension for WindowsStandalone target not found
Refreshing native plugins compatible for Editor in 0.41 ms, found 1 plugins.
Preloading 0 native plugins for Editor in 0.00 ms.
Mono: successfully reloaded assembly
- Completed reload, in  0.722 seconds
Platform modules already initialized, skipping
Refreshing native plugins compatible for Editor in 0.32 ms, found 1 plugins.
Preloading 0 native plugins for Editor in 0.00 ms.
Unloading 1815 Unused Serialized files (Serialized files now loaded: 0)
System memory in use before: 88.8 MB.
System memory in use after: 88.9 MB.

Unloading 7 unused Assets to reduce memory usage. Loaded Objects now: 2363.
Total: 1.754700 ms (FindLiveObjects: 0.216000 ms CreateObjectMapping: 0.076000 ms MarkObjects: 1.430400 ms  DeleteObjects: 0.031600 ms)

========================================================================
Received Prepare
Registering precompiled user dll's ...
Registered in 0.000937 seconds.
Begin MonoManager ReloadAssembly
Native extension for WindowsStandalone target not found
Refreshing native plugins compatible for Editor in 0.90 ms, found 1 plugins.
Preloading 0 native plugins for Editor in 0.00 ms.
Mono: successfully reloaded assembly
- Completed reload, in  1.046 seconds
Platform modules already initialized, skipping
Refreshing native plugins compatible for Editor in 0.32 ms, found 1 plugins.
Preloading 0 native plugins for Editor in 0.00 ms.
Unloading 1815 Unused Serialized files (Serialized files now loaded: 0)
System memory in use before: 88.8 MB.
System memory in use after: 88.9 MB.

Unloading 7 unused Assets to reduce memory usage. Loaded Objects now: 2367.
Total: 1.735400 ms (FindLiveObjects: 0.210300 ms CreateObjectMapping: 0.059800 ms MarkObjects: 1.429200 ms  DeleteObjects: 0.035400 ms)

========================================================================
Received Import Request.
  Time since last request: 264.752440 seconds.
  path: Assets/Scenes/Extra/Albert.unity
  artifactKey: Guid(1a3494c562daaaa439d20d0f27f8e1c1) Importer(815301076,1909f56bfc062723c751e8b465ee728b)
Start importing Assets/Scenes/Extra/Albert.unity using Guid(1a3494c562daaaa439d20d0f27f8e1c1) Importer(815301076,1909f56bfc062723c751e8b465ee728b)  -> (artifact id: 'cba45e25d06385969d60681df59d8900') in 0.012611 seconds
  Import took 0.016169 seconds .

========================================================================
Received Prepare
Registering precompiled user dll's ...
Registered in 0.000844 seconds.
Begin MonoManager ReloadAssembly
Native extension for WindowsStandalone target not found
Refreshing native plugins compatible for Editor in 0.31 ms, found 1 plugins.
Preloading 0 native plugins for Editor in 0.00 ms.
Mono: successfully reloaded assembly
- Completed reload, in  0.755 seconds
Platform modules already initialized, skipping
Refreshing native plugins compatible for Editor in 0.35 ms, found 1 plugins.
Preloading 0 native plugins for Editor in 0.00 ms.
Unloading 1815 Unused Serialized files (Serialized files now loaded: 0)
System memory in use before: 88.8 MB.
System memory in use after: 88.9 MB.

Unloading 7 unused Assets to reduce memory usage. Loaded Objects now: 2371.
Total: 1.631800 ms (FindLiveObjects: 0.178600 ms CreateObjectMapping: 0.060300 ms MarkObjects: 1.381200 ms  DeleteObjects: 0.010700 ms)

========================================================================
Received Prepare
Registering precompiled user dll's ...
Registered in 0.000720 seconds.
Begin MonoManager ReloadAssembly
Native extension for WindowsStandalone target not found
Refreshing native plugins compatible for Editor in 0.36 ms, found 1 plugins.
Preloading 0 native plugins for Editor in 0.00 ms.
Mono: successfully reloaded assembly
- Completed reload, in  0.734 seconds
Platform modules already initialized, skipping
Refreshing native plugins compatible for Editor in 0.33 ms, found 1 plugins.
Preloading 0 native plugins for Editor in 0.00 ms.
Unloading 1815 Unused Serialized files (Serialized files now loaded: 0)
System memory in use before: 88.8 MB.
System memory in use after: 88.9 MB.

Unloading 7 unused Assets to reduce memory usage. Loaded Objects now: 2375.
Total: 1.728800 ms (FindLiveObjects: 0.193300 ms CreateObjectMapping: 0.073500 ms MarkObjects: 1.449300 ms  DeleteObjects: 0.012100 ms)

========================================================================
Received Prepare
Registering precompiled user dll's ...
Registered in 0.001265 seconds.
Begin MonoManager ReloadAssembly
Native extension for WindowsStandalone target not found
Refreshing native plugins compatible for Editor in 0.45 ms, found 1 plugins.
Preloading 0 native plugins for Editor in 0.00 ms.
Mono: successfully reloaded assembly
- Completed reload, in  1.017 seconds
Platform modules already initialized, skipping
Refreshing native plugins compatible for Editor in 0.39 ms, found 1 plugins.
Preloading 0 native plugins for Editor in 0.00 ms.
Unloading 1815 Unused Serialized files (Serialized files now loaded: 0)
System memory in use before: 88.8 MB.
System memory in use after: 88.9 MB.

Unloading 7 unused Assets to reduce memory usage. Loaded Objects now: 2379.
Total: 3.788700 ms (FindLiveObjects: 0.326600 ms CreateObjectMapping: 0.081900 ms MarkObjects: 3.360900 ms  DeleteObjects: 0.017100 ms)

========================================================================
Received Import Request.
  Time since last request: 122.564338 seconds.
  path: Assets/Sprites/Menu/Option/Options_screen_taal.png
  artifactKey: Guid(9685056dd02fb0a43873568f9931fd7d) Importer(815301076,1909f56bfc062723c751e8b465ee728b)
Start importing Assets/Sprites/Menu/Option/Options_screen_taal.png using Guid(9685056dd02fb0a43873568f9931fd7d) Importer(815301076,1909f56bfc062723c751e8b465ee728b)  -> (artifact id: '9892a92c2168207ed6a6b6582395817f') in 0.058209 seconds
  Import took 0.062276 seconds .

========================================================================
Received Import Request.
  Time since last request: 0.000152 seconds.
  path: Assets/Sprites/Menu/Option/Options_screen_volume.jpg
  artifactKey: Guid(7298554a9b3fae045984b27c87b32b9c) Importer(815301076,1909f56bfc062723c751e8b465ee728b)
Start importing Assets/Sprites/Menu/Option/Options_screen_volume.jpg using Guid(7298554a9b3fae045984b27c87b32b9c) Importer(815301076,1909f56bfc062723c751e8b465ee728b)  -> (artifact id: '03a61aec34f7343de4897ed929523d2a') in 0.015063 seconds
  Import took 0.017893 seconds .

========================================================================
Received Import Request.
  Time since last request: 0.000170 seconds.
  path: Assets/Sprites/Menu/Pause/Pause_menu.png
  artifactKey: Guid(39a66dc53a9377146a2e12e7e91102a5) Importer(815301076,1909f56bfc062723c751e8b465ee728b)
Start importing Assets/Sprites/Menu/Pause/Pause_menu.png using Guid(39a66dc53a9377146a2e12e7e91102a5) Importer(815301076,1909f56bfc062723c751e8b465ee728b)  -> (artifact id: 'f6480e43b037c3e3bafee58be4239ca2') in 0.023276 seconds
  Import took 0.026969 seconds .

========================================================================
Received Prepare
Registering precompiled user dll's ...
Registered in 0.000745 seconds.
Begin MonoManager ReloadAssembly
Native extension for WindowsStandalone target not found
Refreshing native plugins compatible for Editor in 0.64 ms, found 1 plugins.
Preloading 0 native plugins for Editor in 0.00 ms.
Mono: successfully reloaded assembly
- Completed reload, in  0.736 seconds
Platform modules already initialized, skipping
Refreshing native plugins compatible for Editor in 0.32 ms, found 1 plugins.
Preloading 0 native plugins for Editor in 0.00 ms.
Unloading 1815 Unused Serialized files (Serialized files now loaded: 0)
System memory in use before: 88.8 MB.
System memory in use after: 88.9 MB.

Unloading 7 unused Assets to reduce memory usage. Loaded Objects now: 2387.
Total: 1.614700 ms (FindLiveObjects: 0.172400 ms CreateObjectMapping: 0.061600 ms MarkObjects: 1.345500 ms  DeleteObjects: 0.034500 ms)

========================================================================
Received Prepare
Registering precompiled user dll's ...
Registered in 0.000664 seconds.
Begin MonoManager ReloadAssembly
Native extension for WindowsStandalone target not found
Refreshing native plugins compatible for Editor in 0.33 ms, found 1 plugins.
Preloading 0 native plugins for Editor in 0.00 ms.
Mono: successfully reloaded assembly
- Completed reload, in  0.710 seconds
Platform modules already initialized, skipping
Refreshing native plugins compatible for Editor in 0.31 ms, found 1 plugins.
Preloading 0 native plugins for Editor in 0.00 ms.
Unloading 1815 Unused Serialized files (Serialized files now loaded: 0)
System memory in use before: 88.8 MB.
System memory in use after: 89.0 MB.

Unloading 7 unused Assets to reduce memory usage. Loaded Objects now: 2391.
Total: 1.639100 ms (FindLiveObjects: 0.180600 ms CreateObjectMapping: 0.056600 ms MarkObjects: 1.390200 ms  DeleteObjects: 0.010800 ms)

========================================================================
Received Import Request.
  Time since last request: 227.179363 seconds.
  path: Assets/Scenes/Main.unity
  artifactKey: Guid(f2633628fe6abde4fa6b7f1ac29c8a17) Importer(815301076,1909f56bfc062723c751e8b465ee728b)
Start importing Assets/Scenes/Main.unity using Guid(f2633628fe6abde4fa6b7f1ac29c8a17) Importer(815301076,1909f56bfc062723c751e8b465ee728b)  -> (artifact id: '5b235b4cf0714cfd552af0eef9cbf9bc') in 0.011523 seconds
  Import took 0.014814 seconds .

========================================================================
Received Prepare
Registering precompiled user dll's ...
Registered in 0.000844 seconds.
Begin MonoManager ReloadAssembly
Native extension for WindowsStandalone target not found
Refreshing native plugins compatible for Editor in 0.35 ms, found 1 plugins.
Preloading 0 native plugins for Editor in 0.00 ms.
Mono: successfully reloaded assembly
- Completed reload, in  1.443 seconds
Platform modules already initialized, skipping
Refreshing native plugins compatible for Editor in 0.38 ms, found 1 plugins.
Preloading 0 native plugins for Editor in 0.00 ms.
Unloading 1815 Unused Serialized files (Serialized files now loaded: 0)
System memory in use before: 88.8 MB.
System memory in use after: 89.0 MB.

Unloading 7 unused Assets to reduce memory usage. Loaded Objects now: 2395.
Total: 2.044400 ms (FindLiveObjects: 0.313400 ms CreateObjectMapping: 0.130400 ms MarkObjects: 1.580100 ms  DeleteObjects: 0.019400 ms)

========================================================================
Received Prepare
Refreshing native plugins compatible for Editor in 1.48 ms, found 1 plugins.
Preloading 0 native plugins for Editor in 0.00 ms.
Unloading 5 Unused Serialized files (Serialized files now loaded: 0)
System memory in use before: 52.4 MB.
System memory in use after: 52.5 MB.

Unloading 5 unused Assets to reduce memory usage. Loaded Objects now: 2395.
Total: 1.642200 ms (FindLiveObjects: 0.195300 ms CreateObjectMapping: 0.071300 ms MarkObjects: 1.364200 ms  DeleteObjects: 0.010500 ms)

========================================================================
Received Prepare
Registering precompiled user dll's ...
Registered in 0.000820 seconds.
Begin MonoManager ReloadAssembly
Native extension for WindowsStandalone target not found
Refreshing native plugins compatible for Editor in 0.31 ms, found 1 plugins.
Preloading 0 native plugins for Editor in 0.00 ms.
Mono: successfully reloaded assembly
- Completed reload, in  0.736 seconds
Platform modules already initialized, skipping
Refreshing native plugins compatible for Editor in 0.32 ms, found 1 plugins.
Preloading 0 native plugins for Editor in 0.00 ms.
Unloading 1815 Unused Serialized files (Serialized files now loaded: 0)
System memory in use before: 88.9 MB.
System memory in use after: 89.0 MB.

Unloading 7 unused Assets to reduce memory usage. Loaded Objects now: 2399.
Total: 1.805700 ms (FindLiveObjects: 0.236600 ms CreateObjectMapping: 0.083200 ms MarkObjects: 1.471600 ms  DeleteObjects: 0.013500 ms)

========================================================================
Received Import Request.
  Time since last request: 1277.308084 seconds.
  path: Assets/Scripts/Player/controlplayer.cs
  artifactKey: Guid(c8382ac4028b03140b1c35b61242a0c2) Importer(815301076,1909f56bfc062723c751e8b465ee728b)
Start importing Assets/Scripts/Player/controlplayer.cs using Guid(c8382ac4028b03140b1c35b61242a0c2) Importer(815301076,1909f56bfc062723c751e8b465ee728b)  -> (artifact id: '344ae5f0647178baa9829d4dab5bd4f5') in 0.007338 seconds
  Import took 0.010322 seconds .

========================================================================
Received Prepare
Registering precompiled user dll's ...
Registered in 0.002135 seconds.
Begin MonoManager ReloadAssembly
Native extension for WindowsStandalone target not found
Refreshing native plugins compatible for Editor in 0.39 ms, found 1 plugins.
Preloading 0 native plugins for Editor in 0.00 ms.
Mono: successfully reloaded assembly
- Completed reload, in  0.940 seconds
Platform modules already initialized, skipping
Refreshing native plugins compatible for Editor in 0.41 ms, found 1 plugins.
Preloading 0 native plugins for Editor in 0.00 ms.
Unloading 1815 Unused Serialized files (Serialized files now loaded: 0)
System memory in use before: 88.9 MB.
System memory in use after: 89.0 MB.

Unloading 7 unused Assets to reduce memory usage. Loaded Objects now: 2403.
Total: 101.999500 ms (FindLiveObjects: 0.574700 ms CreateObjectMapping: 0.298100 ms MarkObjects: 101.077300 ms  DeleteObjects: 0.045500 ms)

========================================================================
Received Import Request.
  Time since last request: 18910.450124 seconds.
  path: Assets/Scripts/Weapons/weapon.cs
  artifactKey: Guid(41e766cae727274418a1531a3d6f5315) Importer(815301076,1909f56bfc062723c751e8b465ee728b)
Start importing Assets/Scripts/Weapons/weapon.cs using Guid(41e766cae727274418a1531a3d6f5315) Importer(815301076,1909f56bfc062723c751e8b465ee728b)  -> (artifact id: '430eed3454ebe86dffb363dea0663467') in 0.057302 seconds
  Import took 0.061247 seconds .

